  PhasesAttack.cpp
  PhasesBase.cpp
  PhasesDraw.cpp
  PhasesEnd.cpp
  PhasesMng.cpp
  PhasesStanby.cpp
  enemy.cpp
  mainGame.cpp
  objBase.cpp
D:\desktop\ASO\プログラム\自作カードゲーム案\3-\Project1\Project1\mainGame.cpp(38,20): warning C4018:  '<': signed と unsigned の数値を比較しようとしました。
D:\desktop\ASO\プログラム\自作カードゲーム案\3-\Project1\Project1\objBase.cpp(15,32): warning C4244:  '引数': 'float' から 'int' への変換です。データが失われる可能性があります。
  objMng.cpp
D:\desktop\ASO\プログラム\自作カードゲーム案\3-\Project1\Project1\objBase.cpp(15,20): warning C4244:  '引数': 'float' から 'int' への変換です。データが失われる可能性があります。
D:\desktop\ASO\プログラム\自作カードゲーム案\3-\Project1\Project1\objMng.cpp(26,37): warning C4244:  '引数': 'float' から 'const unsigned int' への変換です。データが失われる可能性があります。
D:\desktop\ASO\プログラム\自作カードゲーム案\3-\Project1\Project1\objMng.cpp(27,95): warning C4244:  '引数': 'float' から 'int' への変換です。データが失われる可能性があります。
D:\desktop\ASO\プログラム\自作カードゲーム案\3-\Project1\Project1\objMng.cpp(27,84): warning C4244:  '引数': 'float' から 'int' への変換です。データが失われる可能性があります。
D:\desktop\ASO\プログラム\自作カードゲーム案\3-\Project1\Project1\objMng.cpp(27,73): warning C4244:  '引数': 'float' から 'int' への変換です。データが失われる可能性があります。
D:\desktop\ASO\プログラム\自作カードゲーム案\3-\Project1\Project1\objMng.cpp(27,63): warning C4244:  '引数': 'float' から 'int' への変換です。データが失われる可能性があります。
  player.cpp
D:\desktop\ASO\プログラム\自作カードゲーム案\3-\Project1\Project1\objMng.cpp(27,45): warning C4244:  '引数': 'float' から 'int' への変換です。データが失われる可能性があります。
D:\desktop\ASO\プログラム\自作カードゲーム案\3-\Project1\Project1\player.cpp(67,76): warning C4838:  'double' から 'float' への変換には縮小変換が必要です
D:\desktop\ASO\プログラム\自作カードゲーム案\3-\Project1\Project1\player.cpp(67,76): warning C4244:  '初期化中': 'double' から 'float' への変換です。データが失われる可能性があります。
D:\desktop\ASO\プログラム\自作カードゲーム案\3-\Project1\Project1\player.cpp(68,46): warning C4244:  '引数': 'float' から 'int' への変換です。データが失われる可能性があります。
D:\desktop\ASO\プログラム\自作カードゲーム案\3-\Project1\Project1\player.cpp(69,71): warning C4244:  '引数': 'float' から 'int' への変換です。データが失われる可能性があります。
D:\desktop\ASO\プログラム\自作カードゲーム案\3-\Project1\Project1\player.cpp(69,42): warning C4244:  '引数': 'float' から 'int' への変換です。データが失われる可能性があります。
D:\desktop\ASO\プログラム\自作カードゲーム案\3-\Project1\Project1\player.cpp(70,71): warning C4244:  '引数': 'float' から 'int' への変換です。データが失われる可能性があります。
D:\desktop\ASO\プログラム\自作カードゲーム案\3-\Project1\Project1\player.cpp(70,42): warning C4244:  '引数': 'float' から 'int' への変換です。データが失われる可能性があります。
D:\desktop\ASO\プログラム\自作カードゲーム案\3-\Project1\Project1\player.cpp(71,51): warning C4244:  '引数': 'float' から 'int' への変換です。データが失われる可能性があります。
D:\desktop\ASO\プログラム\自作カードゲーム案\3-\Project1\Project1\player.cpp(71,31): warning C4244:  '引数': 'float' から 'int' への変換です。データが失われる可能性があります。
D:\desktop\ASO\プログラム\自作カードゲーム案\3-\Project1\Project1\player.cpp(77,51): warning C4244:  '引数': 'double' から 'int' への変換です。データが失われる可能性があります。
D:\desktop\ASO\プログラム\自作カードゲーム案\3-\Project1\Project1\player.cpp(78,185): warning C4244:  '引数': 'float' から 'int' への変換です。データが失われる可能性があります。
D:\desktop\ASO\プログラム\自作カードゲーム案\3-\Project1\Project1\player.cpp(78,130): warning C4244:  '引数': 'float' から 'int' への変換です。データが失われる可能性があります。
D:\desktop\ASO\プログラム\自作カードゲーム案\3-\Project1\Project1\player.cpp(78,74): warning C4244:  '引数': 'float' から 'int' への変換です。データが失われる可能性があります。
  playerUI.cpp
D:\desktop\ASO\プログラム\自作カードゲーム案\3-\Project1\Project1\player.cpp(78,32): warning C4244:  '引数': 'float' から 'int' への変換です。データが失われる可能性があります。
D:\desktop\ASO\プログラム\自作カードゲーム案\3-\Project1\Project1\playerUI.cpp(29,71): warning C4838:  'double' から 'float' への変換には縮小変換が必要です
D:\desktop\ASO\プログラム\自作カードゲーム案\3-\Project1\Project1\playerUI.cpp(29,71): warning C4244:  '初期化中': 'double' から 'float' への変換です。データが失われる可能性があります。
D:\desktop\ASO\プログラム\自作カードゲーム案\3-\Project1\Project1\playerUI.cpp(31,58): warning C4244:  '引数': 'float' から 'int' への変換です。データが失われる可能性があります。
D:\desktop\ASO\プログラム\自作カードゲーム案\3-\Project1\Project1\playerUI.cpp(31,37): warning C4244:  '引数': 'float' から 'int' への変換です。データが失われる可能性があります。
D:\desktop\ASO\プログラム\自作カードゲーム案\3-\Project1\Project1\playerUI.cpp(31,26): warning C4244:  '引数': 'float' から 'int' への変換です。データが失われる可能性があります。
D:\desktop\ASO\プログラム\自作カードゲーム案\3-\Project1\Project1\playerUI.cpp(31,16): warning C4244:  '引数': 'float' から 'int' への変換です。データが失われる可能性があります。
D:\desktop\ASO\プログラム\自作カードゲーム案\3-\Project1\Project1\playerUI.cpp(32,62): warning C4244:  '引数': 'float' から 'int' への変換です。データが失われる可能性があります。
D:\desktop\ASO\プログラム\自作カードゲーム案\3-\Project1\Project1\playerUI.cpp(32,39): warning C4244:  '引数': 'float' から 'int' への変換です。データが失われる可能性があります。
D:\desktop\ASO\プログラム\自作カードゲーム案\3-\Project1\Project1\playerUI.cpp(32,26): warning C4244:  '引数': 'float' から 'int' への変換です。データが失われる可能性があります。
D:\desktop\ASO\プログラム\自作カードゲーム案\3-\Project1\Project1\playerUI.cpp(32,16): warning C4244:  '引数': 'float' から 'int' への変換です。データが失われる可能性があります。
D:\desktop\ASO\プログラム\自作カードゲーム案\3-\Project1\Project1\playerUI.cpp(33,31): warning C4244:  '引数': 'float' から 'int' への変換です。データが失われる可能性があります。
D:\desktop\ASO\プログラム\自作カードゲーム案\3-\Project1\Project1\playerUI.cpp(33,19): warning C4244:  '引数': 'float' から 'int' への変換です。データが失われる可能性があります。
D:\desktop\ASO\プログラム\自作カードゲーム案\3-\Project1\Project1\playerUI.cpp(35,73): warning C4244:  '引数': 'float' から 'int' への変換です。データが失われる可能性があります。
D:\desktop\ASO\プログラム\自作カードゲーム案\3-\Project1\Project1\playerUI.cpp(35,58): warning C4244:  '引数': 'float' から 'int' への変換です。データが失われる可能性があります。
D:\desktop\ASO\プログラム\自作カードゲーム案\3-\Project1\Project1\playerUI.cpp(35,44): warning C4244:  '引数': 'float' から 'int' への変換です。データが失われる可能性があります。
D:\desktop\ASO\プログラム\自作カードゲーム案\3-\Project1\Project1\playerUI.cpp(35,32): warning C4244:  '引数': 'float' から 'int' への変換です。データが失われる可能性があります。
D:\desktop\ASO\プログラム\自作カードゲーム案\3-\Project1\Project1\playerUI.cpp(36,72): warning C4244:  '引数': 'float' から 'int' への変換です。データが失われる可能性があります。
D:\desktop\ASO\プログラム\自作カードゲーム案\3-\Project1\Project1\playerUI.cpp(36,57): warning C4244:  '引数': 'float' から 'int' への変換です。データが失われる可能性があります。
D:\desktop\ASO\プログラム\自作カードゲーム案\3-\Project1\Project1\playerUI.cpp(36,44): warning C4244:  '引数': 'float' から 'int' への変換です。データが失われる可能性があります。
D:\desktop\ASO\プログラム\自作カードゲーム案\3-\Project1\Project1\playerUI.cpp(36,32): warning C4244:  '引数': 'float' から 'int' への変換です。データが失われる可能性があります。
D:\desktop\ASO\プログラム\自作カードゲーム案\3-\Project1\Project1\playerUI.cpp(37,50): warning C4244:  '引数': 'float' から 'int' への変換です。データが失われる可能性があります。
D:\desktop\ASO\プログラム\自作カードゲーム案\3-\Project1\Project1\playerUI.cpp(37,35): warning C4244:  '引数': 'float' から 'int' への変換です。データが失われる可能性があります。
D:\desktop\ASO\プログラム\自作カードゲーム案\3-\Project1\Project1\playerUI.cpp(39,81): warning C4244:  '引数': 'float' から 'int' への変換です。データが失われる可能性があります。
D:\desktop\ASO\プログラム\自作カードゲーム案\3-\Project1\Project1\playerUI.cpp(39,67): warning C4244:  '引数': 'float' から 'int' への変換です。データが失われる可能性があります。
D:\desktop\ASO\プログラム\自作カードゲーム案\3-\Project1\Project1\playerUI.cpp(39,40): warning C4244:  '引数': 'float' から 'int' への変換です。データが失われる可能性があります。
D:\desktop\ASO\プログラム\自作カードゲーム案\3-\Project1\Project1\playerUI.cpp(39,29): warning C4244:  '引数': 'float' から 'int' への変換です。データが失われる可能性があります。
D:\desktop\ASO\プログラム\自作カードゲーム案\3-\Project1\Project1\playerUI.cpp(40,89): warning C4244:  '引数': 'float' から 'int' への変換です。データが失われる可能性があります。
D:\desktop\ASO\プログラム\自作カードゲーム案\3-\Project1\Project1\playerUI.cpp(40,74): warning C4244:  '引数': 'float' から 'int' への変換です。データが失われる可能性があります。
D:\desktop\ASO\プログラム\自作カードゲーム案\3-\Project1\Project1\playerUI.cpp(40,44): warning C4244:  '引数': 'float' から 'int' への変換です。データが失われる可能性があります。
D:\desktop\ASO\プログラム\自作カードゲーム案\3-\Project1\Project1\playerUI.cpp(40,32): warning C4244:  '引数': 'float' から 'int' への変換です。データが失われる可能性があります。
D:\desktop\ASO\プログラム\自作カードゲーム案\3-\Project1\Project1\playerUI.cpp(41,50): warning C4244:  '引数': 'float' から 'int' への変換です。データが失われる可能性があります。
D:\desktop\ASO\プログラム\自作カードゲーム案\3-\Project1\Project1\playerUI.cpp(41,35): warning C4244:  '引数': 'float' から 'int' への変換です。データが失われる可能性があります。
D:\desktop\ASO\プログラム\自作カードゲーム案\3-\Project1\Project1\playerUI.cpp(43,43): warning C4244:  '引数': 'float' から 'int' への変換です。データが失われる可能性があります。
D:\desktop\ASO\プログラム\自作カードゲーム案\3-\Project1\Project1\playerUI.cpp(44,43): warning C4244:  '引数': 'float' から 'int' への変換です。データが失われる可能性があります。
D:\desktop\ASO\プログラム\自作カードゲーム案\3-\Project1\Project1\playerUI.cpp(46,100): warning C4244:  '引数': 'float' から 'int' への変換です。データが失われる可能性があります。
D:\desktop\ASO\プログラム\自作カードゲーム案\3-\Project1\Project1\playerUI.cpp(49,60): warning C4244:  '引数': 'double' から 'int' への変換です。データが失われる可能性があります。
  sceneMng.cpp
  コードを生成中...
D:\desktop\ASO\プログラム\自作カードゲーム案\3-\Project1\Project1\playerUI.cpp(49,40): warning C4244:  '引数': 'float' から 'int' への変換です。データが失われる可能性があります。
  Project1.vcxproj -> D:\desktop\ASO\プログラム\自作カードゲーム案\3-\Project1\Debug\Project1.exe
