d:\desktop\aso\プログラム\自作カードゲーム案\3-\project1\project1\debug\vc142.pdb
d:\desktop\aso\プログラム\自作カードゲーム案\3-\project1\project1\debug\vc142.idb
d:\desktop\aso\プログラム\自作カードゲーム案\3-\project1\project1\debug\scenemng.obj
d:\desktop\aso\プログラム\自作カードゲーム案\3-\project1\project1\debug\scenebase.obj
d:\desktop\aso\プログラム\自作カードゲーム案\3-\project1\project1\debug\resultscene.obj
d:\desktop\aso\プログラム\自作カードゲーム案\3-\project1\project1\debug\playerui.obj
d:\desktop\aso\プログラム\自作カードゲーム案\3-\project1\project1\debug\player.obj
d:\desktop\aso\プログラム\自作カードゲーム案\3-\project1\project1\debug\phasesstanby.obj
d:\desktop\aso\プログラム\自作カードゲーム案\3-\project1\project1\debug\phasesmng.obj
d:\desktop\aso\プログラム\自作カードゲーム案\3-\project1\project1\debug\phasesend.obj
d:\desktop\aso\プログラム\自作カードゲーム案\3-\project1\project1\debug\phasesdraw.obj
d:\desktop\aso\プログラム\自作カードゲーム案\3-\project1\project1\debug\phasesbase.obj
d:\desktop\aso\プログラム\自作カードゲーム案\3-\project1\project1\debug\phasesattack.obj
d:\desktop\aso\プログラム\自作カードゲーム案\3-\project1\project1\debug\objmng.obj
d:\desktop\aso\プログラム\自作カードゲーム案\3-\project1\project1\debug\objbase.obj
d:\desktop\aso\プログラム\自作カードゲーム案\3-\project1\project1\debug\maingame.obj
d:\desktop\aso\プログラム\自作カードゲーム案\3-\project1\project1\debug\main.obj
d:\desktop\aso\プログラム\自作カードゲーム案\3-\project1\project1\debug\imagemng.obj
d:\desktop\aso\プログラム\自作カードゲーム案\3-\project1\project1\debug\enemy_ui.obj
d:\desktop\aso\プログラム\自作カードゲーム案\3-\project1\project1\debug\enemy.obj
d:\desktop\aso\プログラム\自作カードゲーム案\3-\project1\project1\debug\deckmng.obj
d:\desktop\aso\プログラム\自作カードゲーム案\3-\project1\project1\debug\animmng.obj
d:\desktop\aso\プログラム\自作カードゲーム案\3-\project1\project1\debug\vector2.obj
d:\desktop\aso\プログラム\自作カードゲーム案\3-\project1\project1\debug\uibase.obj
d:\desktop\aso\プログラム\自作カードゲーム案\3-\project1\project1\debug\titlescene.obj
d:\desktop\aso\プログラム\自作カードゲーム案\3-\project1\project1\debug\stdafx.obj
d:\desktop\aso\プログラム\自作カードゲーム案\3-\project1\project1\debug\selectscene.obj
d:\desktop\aso\プログラム\自作カードゲーム案\3-\project1\debug\project1.exe
d:\desktop\aso\プログラム\自作カードゲーム案\3-\project1\debug\project1.ilk
d:\desktop\aso\プログラム\自作カードゲーム案\3-\project1\debug\project1.pdb
d:\desktop\aso\プログラム\自作カードゲーム案\3-\project1\project1\debug\project1.tlog\cl.command.1.tlog
d:\desktop\aso\プログラム\自作カードゲーム案\3-\project1\project1\debug\project1.tlog\cl.read.1.tlog
d:\desktop\aso\プログラム\自作カードゲーム案\3-\project1\project1\debug\project1.tlog\cl.write.1.tlog
d:\desktop\aso\プログラム\自作カードゲーム案\3-\project1\project1\debug\project1.tlog\link.command.1.tlog
d:\desktop\aso\プログラム\自作カードゲーム案\3-\project1\project1\debug\project1.tlog\link.read.1.tlog
d:\desktop\aso\プログラム\自作カードゲーム案\3-\project1\project1\debug\project1.tlog\link.write.1.tlog
